gaop@slave4:/SSD/zork/graph/soc-LiveJournal1$ sudo benchmark_driver -p 8 -a -b pagerank --graph /SSD/zork/graph/soc-LiveJournal1/soc-LiveJournal1.txt.x --physical_memory 8589934592
<INFO 7f8ee7fa1780> STARTUP
<INFO 7f8ee7fa1780> CORE::GRAPH /SSD/zork/graph/soc-LiveJournal1/soc-LiveJournal1.txt.x
<INFO 7f8ee7fa1780> CORE::ALGORITHM pagerank
<INFO 7f8ee7fa1780> SG-DRIVER-ORIGINAL
<WARNING 7f8ee7fa1780> Disk count not specified, assuming it to be 1
<INFO 7f8ee7fa1780> CORE::CONFIG::PROCESSORS 8
<INFO 7f8ee7fa1780> CORE::CONFIG::PHYSICAL_MEMORY 8589934592
<INFO 7f8ee7fa1780> CORE::CONFIG::VERTICES 4847571
<INFO 7f8ee7fa1780> CORE::CONFIG::VERTEX_SIZE 12
<INFO 7f8ee7fa1780> CORE::CONFIG::VERTEX_BUFFER 58171392
<INFO 7f8ee7fa1780> CORE::CONFIG::EDGES 137987546
<INFO 7f8ee7fa1780> CORE::CONFIG::PARTITIONS 128
<INFO 7f8ee7fa1780> CORE::CONFIG::FANOUT 128
<INFO 7f8ee7fa1780> CORE::CONFIG::SUPER_PARTITIONS 1
<INFO 7f8ee7fa1780> CORE::CONFIG::STREAM_UNIT 16777216
<INFO 7f8ee7fa1780> CORE::CONFIG::BUFFER_SIZE 1702990868
<INFO 7f8ee7fa1780> CORE::CONFIG::IO_NUMIOQS 1
<INFO 7f8ee7fa1780> CORE::CONFIG::MAX_BUFFERS 4
<INFO 7f8ee7fa1780> CORE::CONFIG::MAX_STREAMS 5
<WARNING 7f8ee7fa1780> pthread_getschedparam failed:Operation not permitted
<WARNING 7f8ee7fa1780> No mount point specified for disk0, falling back to current directory
<INFO 7f8ee7fa1780> CORE::PARTITIONS_PROCESSED 81
<INFO 7f8ee7fa1780> CORE::BYTES::EDGES_STREAMED 1638236652
<INFO 7f8ee7fa1780> CORE::BYTES::UPDATES_OUT 945775832
<INFO 7f8ee7fa1780> CORE::BYTES::UPDATES_IN 696788312
<INFO 7f8ce44f7700> CORE::PARTITIONS_PROCESSED 80
<INFO 7f8ce44f7700> CORE::BYTES::EDGES_STREAMED 1640407548
<INFO 7f8ce44f7700> CORE::BYTES::UPDATES_OUT 947246448
<INFO 7f8ce54f9700> CORE::PARTITIONS_PROCESSED 80
<INFO 7f8ce2cf4700> CORE::PARTITIONS_PROCESSED 79
<INFO 7f8ce34f5700> CORE::PARTITIONS_PROCESSED 82
<INFO 7f8ce3cf6700> CORE::PARTITIONS_PROCESSED 80
<INFO 7f8ce5cfa700> CORE::PARTITIONS_PROCESSED 79
<INFO 7f8ce5cfa700> CORE::BYTES::EDGES_STREAMED 1259891748
<INFO 7f8ce54f9700> CORE::BYTES::EDGES_STREAMED 1253876064
<INFO 7f8ce2cf4700> CORE::BYTES::EDGES_STREAMED 1268821368
<INFO 7f8ce2cf4700> CORE::BYTES::UPDATES_OUT 716347096
<INFO 7f8ce2cf4700> CORE::BYTES::UPDATES_IN 682166104
<INFO 7f8ce4cf8700> CORE::PARTITIONS_PROCESSED 79
<INFO 7f8ce44f7700> CORE::BYTES::UPDATES_IN 688671640
<INFO 7f8ce5cfa700> CORE::BYTES::UPDATES_OUT 710032696
<INFO 7f8ce54f9700> CORE::BYTES::UPDATES_OUT 706756920
<INFO 7f8ce54f9700> CORE::BYTES::UPDATES_IN 689421400
<INFO 7f8ce3cf6700> CORE::BYTES::EDGES_STREAMED 1646453136
<INFO 7f8ce4cf8700> CORE::BYTES::EDGES_STREAMED 1256018052
<INFO 7f8ce5cfa700> CORE::BYTES::UPDATES_IN 683333288
<INFO 7f8ce34f5700> CORE::BYTES::EDGES_STREAMED 1627249296
<INFO 7f8ce3cf6700> CORE::BYTES::UPDATES_OUT 950827840
<INFO 7f8ce3cf6700> CORE::BYTES::UPDATES_IN 691682560
<INFO 7f8ce34f5700> CORE::BYTES::UPDATES_OUT 938626632
<INFO 7f8ce34f5700> CORE::BYTES::UPDATES_IN 705698040
<INFO 7f8ce4cf8700> CORE::BYTES::UPDATES_OUT 707788744
<INFO 7f8ce4cf8700> CORE::BYTES::UPDATES_IN 681740496
<INFO 7f8ee7fa1780> CORE::RUSAGE::MAX_RSS_KB 8391160
<INFO 7f8ee7fa1780> CORE::RUSAGE::MINFLT 2121027
<INFO 7f8ee7fa1780> CORE::RUSAGE::MAJFLT 0
<INFO 7f8ee7fa1780> CORE::RUSAGE::MAJFLT 0
<INFO 7f8ee7fa1780> CORE::RUSAGE::INBLK 3234088
<INFO 7f8ee7fa1780> CORE::RUSAGE::OUBLK 113616
<INFO 7f8ee7fa1780> CORE::UTILS::BYTES_READ 1655853056
<INFO 7f8ee7fa1780> CORE::UTILS::BYTES_WRITTEN 58171392
<INFO 7f8ee7fa1780> CORE::TIME::IO_WAIT 1.91558 seconds
<INFO 7f8ee7fa1780> CORE::PHASES 7
<INFO 7f8ee7fa1780> CORE::TIME::SETUP 4.59329 seconds
<INFO 7f8ee7fa1780> CORE::TIME::WALL 12.8884 seconds
<INFO 7f8ee7fa1780> SHUTDOWN
