gaop@slave4:/SSD/zork/graph/twitter_rv$ ./do.sh
<INFO 7faa9533f780> STARTUP
<INFO 7faa9533f780> CORE::GRAPH twitter_rv.net.x
<INFO 7faa9533f780> CORE::ALGORITHM pagerank
<INFO 7faa9533f780> SG-DRIVER-ORIGINAL
<WARNING 7faa9533f780> Disk count not specified, assuming it to be 1
<INFO 7faa9533f780> CORE::CONFIG::PROCESSORS 8
<INFO 7faa9533f780> CORE::CONFIG::PHYSICAL_MEMORY 524288000
<INFO 7faa9533f780> CORE::CONFIG::VERTICES 61578415
<INFO 7faa9533f780> CORE::CONFIG::VERTEX_SIZE 12
<INFO 7faa9533f780> CORE::CONFIG::VERTEX_BUFFER 369471488
<INFO 7faa9533f780> CORE::CONFIG::EDGES 2936730364
<INFO 7faa9533f780> CORE::CONFIG::PARTITIONS 512
<INFO 7faa9533f780> CORE::CONFIG::FANOUT 512
<INFO 7faa9533f780> CORE::CONFIG::SUPER_PARTITIONS 2
<INFO 7faa9533f780> CORE::CONFIG::STREAM_UNIT 8388608
<INFO 7faa9533f780> CORE::CONFIG::BUFFER_SIZE 29273723
<INFO 7faa9533f780> CORE::CONFIG::IO_NUMIOQS 1
<INFO 7faa9533f780> CORE::CONFIG::MAX_BUFFERS 4
<INFO 7faa9533f780> CORE::CONFIG::MAX_STREAMS 5
<WARNING 7faa9533f780> pthread_getschedparam failed:Operation not permitted
<WARNING 7faa9533f780> No mount point specified for disk0, falling back to current directory
<INFO 7faa70c9c700> CORE::PARTITIONS_PROCESSED 239835
<INFO 7faa73ca2700> CORE::BYTES::EDGES_STREAMED 30428206140
<INFO 7faa73ca2700> CORE::BYTES::UPDATES_OUT 17402810384
<INFO 7faa73ca2700> CORE::BYTES::UPDATES_IN 14006697320
<INFO 7faa71c9e700> CORE::BYTES::UPDATES_IN 14034863488
<INFO 7faa7249f700> CORE::BYTES::EDGES_STREAMED 31007013996
<INFO 7faa7249f700> CORE::BYTES::UPDATES_OUT 17681418656
<INFO 7faa70c9c700> CORE::BYTES::EDGES_STREAMED 29181407040
<INFO 7faa70c9c700> CORE::BYTES::UPDATES_OUT 16427130688
<INFO 7faa70c9c700> CORE::BYTES::UPDATES_IN 13732173968
<INFO 7faa734a1700> CORE::BYTES::EDGES_STREAMED 31126101756
<INFO 7faa734a1700> CORE::BYTES::UPDATES_OUT 17956974912
<INFO 7faa72ca0700> CORE::BYTES::EDGES_STREAMED 32158229112
<INFO 7faa7149d700> CORE::PARTITIONS_PROCESSED 263231
<INFO 7faa7249f700> CORE::BYTES::UPDATES_IN 15189131992
<INFO 7faa734a1700> CORE::BYTES::UPDATES_IN 14618789280
<INFO 7faa72ca0700> CORE::BYTES::UPDATES_OUT 18456238392
<INFO 7faa7149d700> CORE::BYTES::EDGES_STREAMED 30734296236
<INFO 7faa72ca0700> CORE::BYTES::UPDATES_IN 15936297280
<INFO 7faa7149d700> CORE::BYTES::UPDATES_OUT 17460030672
<INFO 7faa7149d700> CORE::BYTES::UPDATES_IN 14935376640
<INFO 7faa9533f780> CORE::RUSAGE::MAX_RSS_KB 514688
<INFO 7faa9533f780> CORE::RUSAGE::MINFLT 6587614
<INFO 7faa9533f780> CORE::RUSAGE::MAJFLT 0
<INFO 7faa9533f780> CORE::RUSAGE::MAJFLT 0
<INFO 7faa9533f780> CORE::RUSAGE::INBLK 788739328
<INFO 7faa9533f780> CORE::RUSAGE::OUBLK 354250968
<INFO 7faa9533f780> CORE::UTILS::BYTES_READ 403829071872
<INFO 7faa9533f780> CORE::UTILS::BYTES_WRITTEN 181376495616
<INFO 7faa9533f780> CORE::TIME::IO_WAIT 1015.81 seconds
<INFO 7faa9533f780> CORE::PHASES 7
<INFO 7faa9533f780> CORE::TIME::SETUP 0.891908 seconds
<INFO 7faa9533f780> CORE::TIME::STATE_ITER 0.84355 seconds
<INFO 7faa9533f780> CORE::TIME::GATHER 205.531 seconds
<INFO 7faa9533f780> CORE::TIME::SCATTER 900.468 seconds
<INFO 7faa9533f780> CORE::TIME::WALL 1279.3 seconds
<INFO 7faa9533f780> SHUTDOWN
