gaop@slave4:/SSD/zork/graph/twitter_rv$ sudo time benchmark_driver -p 8 -a -b pagerank -g twitter_rv.net.x --physical_memory 8589934592
[sudo] password for gaop:
<INFO 7f3137a07780> STARTUP
<INFO 7f3137a07780> CORE::GRAPH twitter_rv.net.x
<INFO 7f3137a07780> CORE::ALGORITHM pagerank
<INFO 7f3137a07780> SG-DRIVER-ORIGINAL
<WARNING 7f3137a07780> Disk count not specified, assuming it to be 1
<INFO 7f3137a07780> CORE::CONFIG::PROCESSORS 8
<INFO 7f3137a07780> CORE::CONFIG::PHYSICAL_MEMORY 8589934592
<INFO 7f3137a07780> CORE::CONFIG::VERTICES 61578415
<INFO 7f3137a07780> CORE::CONFIG::VERTEX_SIZE 12
<INFO 7f3137a07780> CORE::CONFIG::VERTEX_BUFFER 738942976
<INFO 7f3137a07780> CORE::CONFIG::EDGES 2936730364
<INFO 7f3137a07780> CORE::CONFIG::PARTITIONS 1024
<INFO 7f3137a07780> CORE::CONFIG::FANOUT 1024
<INFO 7f3137a07780> CORE::CONFIG::SUPER_PARTITIONS 1
<INFO 7f3137a07780> CORE::CONFIG::STREAM_UNIT 16777216
<INFO 7f3137a07780> CORE::CONFIG::BUFFER_SIZE 1566823649
<INFO 7f3137a07780> CORE::CONFIG::IO_NUMIOQS 1
<INFO 7f3137a07780> CORE::CONFIG::MAX_BUFFERS 4
<INFO 7f3137a07780> CORE::CONFIG::MAX_STREAMS 5
<WARNING 7f3137a07780> pthread_getschedparam failed:Operation not permitted
<WARNING 7f3137a07780> No mount point specified for disk0, falling back to current directory

<INFO 7fb845532700> CORE::PARTITIONS_PROCESSED 9986
<INFO 7fb845d33700> CORE::PARTITIONS_PROCESSED 9522
<INFO 7fb847536700> CORE::PARTITIONS_PROCESSED 9578
<INFO 7fb847536700> CORE::BYTES::EDGES_STREAMED 29938164240
<INFO 7fb847536700> CORE::BYTES::UPDATES_OUT 17213512792
<INFO 7fb847536700> CORE::BYTES::UPDATES_IN 14323380608
<INFO 7fb847d37700> CORE::BYTES::EDGES_STREAMED 30907841712
<INFO 7fb847d37700> CORE::BYTES::UPDATES_OUT 17695440368
<INFO 7fb847d37700> CORE::BYTES::UPDATES_IN 15381090776
<INFO 7fb846d35700> CORE::BYTES::EDGES_STREAMED 29321949948
<INFO 7fb848538700> CORE::BYTES::EDGES_STREAMED 30843585960
<INFO 7fb846534700> CORE::BYTES::EDGES_STREAMED 31384901112
<INFO 7fb846534700> CORE::BYTES::UPDATES_OUT 17864795680
<INFO 7fb846534700> CORE::BYTES::UPDATES_IN 14381468760
<INFO 7fb846d35700> CORE::BYTES::UPDATES_OUT 16906240416
<INFO 7fb848538700> CORE::BYTES::UPDATES_OUT 17720420216
<INFO 7fb848538700> CORE::BYTES::UPDATES_IN 15524116896
<INFO 7fb845d33700> CORE::BYTES::EDGES_STREAMED 32211837528
<INFO 7fb846d35700> CORE::BYTES::UPDATES_IN 13558726920
<INFO 7fb845532700> CORE::BYTES::EDGES_STREAMED 31790082696
<INFO 7fb845d33700> CORE::BYTES::UPDATES_OUT 18355129032
<INFO 7fb845532700> CORE::BYTES::UPDATES_OUT 18098561816
<INFO 7fb845d33700> CORE::BYTES::UPDATES_IN 15112375392
<INFO 7fb845532700> CORE::BYTES::UPDATES_IN 14908172112
<INFO 7fba4a7cf780> CORE::RUSAGE::MAX_RSS_KB 8391460
<INFO 7fba4a7cf780> CORE::RUSAGE::MINFLT 5349560
<INFO 7fba4a7cf780> CORE::RUSAGE::MAJFLT 0
<INFO 7fba4a7cf780> CORE::RUSAGE::MAJFLT 0
<INFO 7fba4a7cf780> CORE::RUSAGE::INBLK 711241128
<INFO 7fba4a7cf780> CORE::RUSAGE::OUBLK 276761744
<INFO 7fba4a7cf780> CORE::UTILS::BYTES_READ 364154597376
<INFO 7fba4a7cf780> CORE::UTILS::BYTES_WRITTEN 141702012928
<INFO 7fba4a7cf780> CORE::TIME::IO_WAIT 688.072 seconds
<INFO 7fba4a7cf780> CORE::PHASES 7
<INFO 7fba4a7cf780> CORE::TIME::SETUP 7.25276 seconds
<INFO 7fba4a7cf780> CORE::TIME::WALL 901.426 seconds
<INFO 7fba4a7cf780> SHUTDOWN

