<INFO 7f355039c700> CORE::BYTES::UPDATES_IN 13710640856
<INFO 7f354eb99700> CORE::PARTITIONS_PROCESSED 9957
<INFO 7f354eb99700> CORE::BYTES::EDGES_STREAMED 36044945808
<INFO 7f354eb99700> CORE::BYTES::UPDATES_OUT 20123548920
<INFO 7f354eb99700> CORE::BYTES::UPDATES_IN 15199013824
<INFO 7f354fb9b700> CORE::PARTITIONS_PROCESSED 9275
<INFO 7f354fb9b700> CORE::BYTES::EDGES_STREAMED 32470136160
<INFO 7f354fb9b700> CORE::BYTES::UPDATES_OUT 18378893760
<INFO 7f354fb9b700> CORE::BYTES::UPDATES_IN 14405597136
<INFO 7f354f39a700> CORE::PARTITIONS_PROCESSED 11244
<INFO 7f354f39a700> CORE::BYTES::EDGES_STREAMED 32219808648
<INFO 7f354f39a700> CORE::BYTES::UPDATES_OUT 18410502696
<INFO 7f354f39a700> CORE::BYTES::UPDATES_IN 16897300240
<INFO 7f354db97700> CORE::PARTITIONS_PROCESSED 8495
<INFO 7f354db97700> CORE::BYTES::EDGES_STREAMED 29111228880
<INFO 7f354db97700> CORE::BYTES::UPDATES_OUT 17086787600
<INFO 7f354db97700> CORE::BYTES::UPDATES_IN 13464686496
<INFO 7f354d396700> CORE::PARTITIONS_PROCESSED 10614
<INFO 7f354d396700> CORE::BYTES::EDGES_STREAMED 30256365156
<INFO 7f354d396700> CORE::BYTES::UPDATES_OUT 17311041328
<INFO 7f354d396700> CORE::BYTES::UPDATES_IN 16023151040
<INFO 7f3752633780> CORE::RUSAGE::MAX_RSS_KB 8391468
<INFO 7f3752633780> CORE::RUSAGE::MINFLT 3949048
<INFO 7f3752633780> CORE::RUSAGE::MAJFLT 0
<INFO 7f3752633780> CORE::RUSAGE::MAJFLT 0
<INFO 7f3752633780> CORE::RUSAGE::INBLK 711239808
<INFO 7f3752633780> CORE::RUSAGE::OUBLK 276761744
<INFO 7f3752633780> CORE::UTILS::BYTES_READ 364154597376
<INFO 7f3752633780> CORE::UTILS::BYTES_WRITTEN 141702012928
<INFO 7f3752633780> CORE::TIME::IO_WAIT 634.015 seconds
<INFO 7f3752633780> CORE::PHASES 7
<INFO 7f3752633780> CORE::TIME::SETUP 6.85347 seconds
<INFO 7f3752633780> CORE::TIME::STATE_ITER 1.7628 seconds
<INFO 7f3752633780> CORE::TIME::GATHER 196.6 seconds
<INFO 7f3752633780> CORE::TIME::SCATTER 809.239 seconds
<INFO 7f3752633780> CORE::TIME::WALL 1026.13 seconds
<INFO 7f3752633780> SHUTDOWN
