gaop@slave4:/SSD/zork/graph/twitter_rv$ sudo benchmark_driver -p 8 -a -b pagerank  --measure_scatter_gather -g twitter_rv.net.x --physical_memory 8589934592
<INFO 7f0c4deae780> STARTUP
<INFO 7f0c4deae780> CORE::GRAPH twitter_rv.net.x
<INFO 7f0c4deae780> CORE::ALGORITHM pagerank
<INFO 7f0c4deae780> SG-DRIVER-ORIGINAL
<WARNING 7f0c4deae780> Disk count not specified, assuming it to be 1
<INFO 7f0c4deae780> CORE::CONFIG::PROCESSORS 8
<INFO 7f0c4deae780> CORE::CONFIG::PHYSICAL_MEMORY 8589934592
<INFO 7f0c4deae780> CORE::CONFIG::VERTICES 61578415
<INFO 7f0c4deae780> CORE::CONFIG::VERTEX_SIZE 12
<INFO 7f0c4deae780> CORE::CONFIG::VERTEX_BUFFER 738942976
<INFO 7f0c4deae780> CORE::CONFIG::EDGES 2936730364
<INFO 7f0c4deae780> CORE::CONFIG::PARTITIONS 1024
<INFO 7f0c4deae780> CORE::CONFIG::FANOUT 1024
<INFO 7f0c4deae780> CORE::CONFIG::SUPER_PARTITIONS 1
<INFO 7f0c4deae780> CORE::CONFIG::STREAM_UNIT 16777216
<INFO 7f0c4deae780> CORE::CONFIG::BUFFER_SIZE 1566823649
<INFO 7f0c4deae780> CORE::CONFIG::IO_NUMIOQS 1
<INFO 7f0c4deae780> CORE::CONFIG::MAX_BUFFERS 4
<INFO 7f0c4deae780> CORE::CONFIG::MAX_STREAMS 5
<WARNING 7f0c4deae780> pthread_getschedparam failed:Operation not permitted
<WARNING 7f0c4deae780> No mount point specified for disk0, falling back to current directory
<INFO 7f0c4deae780> CORE::PARTITIONS_PROCESSED 8772
<INFO 7f0c4deae780> CORE::BYTES::EDGES_STREAMED 28594000080
<INFO 7f0c4deae780> CORE::BYTES::UPDATES_OUT 16292026704
<INFO 7f0c4deae780> CORE::BYTES::UPDATES_IN 13910176872
<INFO 7f0a49c13700> CORE::PARTITIONS_PROCESSED 9731
<INFO 7f0a4a414700> CORE::PARTITIONS_PROCESSED 9299
<INFO 7f0a4bc17700> CORE::PARTITIONS_PROCESSED 10141
<INFO 7f0a48c11700> CORE::PARTITIONS_PROCESSED 9717
<INFO 7f0a49412700> CORE::PARTITIONS_PROCESSED 9230
<INFO 7f0a4b416700> CORE::PARTITIONS_PROCESSED 9829
<INFO 7f0a4ac15700> CORE::PARTITIONS_PROCESSED 10081
<INFO 7f0a4ac15700> CORE::BYTES::EDGES_STREAMED 31527680208
<INFO 7f0a4bc17700> CORE::BYTES::EDGES_STREAMED 31214430852
<INFO 7f0a4bc17700> CORE::BYTES::UPDATES_OUT 17694796792
<INFO 7f0a4bc17700> CORE::BYTES::UPDATES_IN 15272471088
<INFO 7f0a4b416700> CORE::BYTES::EDGES_STREAMED 31414631916
<INFO 7f0a49c13700> CORE::BYTES::EDGES_STREAMED 30854419644
<INFO 7f0a4b416700> CORE::BYTES::UPDATES_OUT 17802565624
<INFO 7f0a4a414700> CORE::BYTES::EDGES_STREAMED 30508179216
<INFO 7f0a4ac15700> CORE::BYTES::UPDATES_OUT 17861871280
<INFO 7f0a4ac15700> CORE::BYTES::UPDATES_IN 15099175112
<INFO 7f0a4b416700> CORE::BYTES::UPDATES_IN 15376266304
<INFO 7f0a4a414700> CORE::BYTES::UPDATES_OUT 17380294936
<INFO 7f0a4a414700> CORE::BYTES::UPDATES_IN 14253232360
<INFO 7f0a49412700> CORE::BYTES::EDGES_STREAMED 31763630964
<INFO 7f0a49c13700> CORE::BYTES::UPDATES_OUT 17813400400
<INFO 7f0a49412700> CORE::BYTES::UPDATES_OUT 18351364104
<INFO 7f0a48c11700> CORE::BYTES::EDGES_STREAMED 30808377696
<INFO 7f0a49c13700> CORE::BYTES::UPDATES_IN 14454362576
<INFO 7f0a48c11700> CORE::BYTES::UPDATES_OUT 17766737632
<INFO 7f0a49412700> CORE::BYTES::UPDATES_IN 14651211080
<INFO 7f0a48c11700> CORE::BYTES::UPDATES_IN 14452319168
<INFO 7f0c4deae780> CORE::RUSAGE::MAX_RSS_KB 8391464
<INFO 7f0c4deae780> CORE::RUSAGE::MINFLT 5359815
<INFO 7f0c4deae780> CORE::RUSAGE::MAJFLT 0
<INFO 7f0c4deae780> CORE::RUSAGE::MAJFLT 0
<INFO 7f0c4deae780> CORE::RUSAGE::INBLK 711239448
<INFO 7f0c4deae780> CORE::RUSAGE::OUBLK 276761744
<INFO 7f0c4deae780> CORE::UTILS::BYTES_READ 364154597376
<INFO 7f0c4deae780> CORE::UTILS::BYTES_WRITTEN 141702012928
<INFO 7f0c4deae780> CORE::TIME::IO_WAIT 698.95 seconds
<INFO 7f0c4deae780> CORE::PHASES 7
<INFO 7f0c4deae780> CORE::TIME::SETUP 7.11572 seconds
<INFO 7f0c4deae780> CORE::TIME::STATE_ITER 0.872556 seconds
<INFO 7f0c4deae780> CORE::TIME::GATHER 169.711 seconds
<INFO 7f0c4deae780> CORE::TIME::SCATTER 730.318 seconds
<INFO 7f0c4deae780> CORE::TIME::WALL 917.616 seconds
<INFO 7f0c4deae780> SHUTDOWN
