gaop@slave4:/SSD/zork/graph/twitter_rv$ sudo benchmark_driver -p 8 -a -b pagerank  --measure_scatter_gather -g twitter_rv.net.x --physical_memory 17179869184
[sudo] password for gaop:
<INFO 7f7763801780> STARTUP
<INFO 7f7763801780> CORE::GRAPH twitter_rv.net.x
<INFO 7f7763801780> CORE::ALGORITHM pagerank
<INFO 7f7763801780> SG-DRIVER-ORIGINAL
<WARNING 7f7763801780> Disk count not specified, assuming it to be 1
<INFO 7f7763801780> CORE::CONFIG::PROCESSORS 8
<INFO 7f7763801780> CORE::CONFIG::PHYSICAL_MEMORY 17179869184
<INFO 7f7763801780> CORE::CONFIG::VERTICES 61578415
<INFO 7f7763801780> CORE::CONFIG::VERTEX_SIZE 12
<INFO 7f7763801780> CORE::CONFIG::VERTEX_BUFFER 738942976
<INFO 7f7763801780> CORE::CONFIG::EDGES 2936730364
<INFO 7f7763801780> CORE::CONFIG::PARTITIONS 1024
<INFO 7f7763801780> CORE::CONFIG::FANOUT 1024
<INFO 7f7763801780> CORE::CONFIG::SUPER_PARTITIONS 1
<INFO 7f7763801780> CORE::CONFIG::STREAM_UNIT 16777216
<INFO 7f7763801780> CORE::CONFIG::BUFFER_SIZE 3284810568
<INFO 7f7763801780> CORE::CONFIG::IO_NUMIOQS 1
<INFO 7f7763801780> CORE::CONFIG::MAX_BUFFERS 4
<INFO 7f7763801780> CORE::CONFIG::MAX_STREAMS 5
<WARNING 7f7763801780> pthread_getschedparam failed:Operation not permitted
<WARNING 7f7763801780> No mount point specified for disk0, falling back to current directory
<INFO 7f7763801780> CORE::PARTITIONS_PROCESSED 4915
<INFO 7f7763801780> CORE::BYTES::EDGES_STREAMED 30901665264
<INFO 7f7763801780> CORE::BYTES::UPDATES_OUT 17593452448
<INFO 7f7763801780> CORE::BYTES::UPDATES_IN 14698454576
<INFO 7f735fd69700> CORE::PARTITIONS_PROCESSED 5157
<INFO 7f735f568700> CORE::PARTITIONS_PROCESSED 5402
<INFO 7f735e566700> CORE::PARTITIONS_PROCESSED 5097
<INFO 7f7360d6b700> CORE::PARTITIONS_PROCESSED 4887
<INFO 7f735f568700> CORE::BYTES::EDGES_STREAMED 31498799448
<INFO 7f735f568700> CORE::BYTES::UPDATES_OUT 18084777872
<INFO 7f735f568700> CORE::BYTES::UPDATES_IN 15037583240
<INFO 7f736056a700> CORE::PARTITIONS_PROCESSED 5223
<INFO 7f736056a700> CORE::BYTES::EDGES_STREAMED 30574661532
<INFO 7f735fd69700> CORE::BYTES::EDGES_STREAMED 30709305336
<INFO 7f735e566700> CORE::BYTES::EDGES_STREAMED 30421032468
<INFO 7f735ed67700> CORE::PARTITIONS_PROCESSED 5031
<INFO 7f735ed67700> CORE::BYTES::EDGES_STREAMED 31113700104
<INFO 7f735ed67700> CORE::BYTES::UPDATES_OUT 17867421928
<INFO 7f735ed67700> CORE::BYTES::UPDATES_IN 14923411336
<INFO 7f736156c700> CORE::PARTITIONS_PROCESSED 5248
<INFO 7f7360d6b700> CORE::BYTES::EDGES_STREAMED 30630852984
<INFO 7f736056a700> CORE::BYTES::UPDATES_OUT 17470634024
<INFO 7f736056a700> CORE::BYTES::UPDATES_IN 14605827408
<INFO 7f735e566700> CORE::BYTES::UPDATES_OUT 17359996736
<INFO 7f735e566700> CORE::BYTES::UPDATES_IN 14290874880
<INFO 7f7360d6b700> CORE::BYTES::UPDATES_OUT 17441032960
<INFO 7f7360d6b700> CORE::BYTES::UPDATES_IN 14342947808
<INFO 7f736156c700> CORE::BYTES::EDGES_STREAMED 30835333440
<INFO 7f736156c700> CORE::BYTES::UPDATES_OUT 17555365424
<INFO 7f736156c700> CORE::BYTES::UPDATES_IN 14797292280
<INFO 7f735fd69700> CORE::BYTES::UPDATES_OUT 17590376080
<INFO 7f735fd69700> CORE::BYTES::UPDATES_IN 14772823032
<INFO 7f7763801780> CORE::RUSAGE::MAX_RSS_KB 16780064
<INFO 7f7763801780> CORE::RUSAGE::MINFLT 11432216
<INFO 7f7763801780> CORE::RUSAGE::MAJFLT 0
<INFO 7f7763801780> CORE::RUSAGE::MAJFLT 0
<INFO 7f7763801780> CORE::RUSAGE::INBLK 711239448
<INFO 7f7763801780> CORE::RUSAGE::OUBLK 276761744
<INFO 7f7763801780> CORE::UTILS::BYTES_READ 364154597376
<INFO 7f7763801780> CORE::UTILS::BYTES_WRITTEN 141702012928
<INFO 7f7763801780> CORE::TIME::IO_WAIT 692.277 seconds
<INFO 7f7763801780> CORE::PHASES 7
<INFO 7f7763801780> CORE::TIME::SETUP 12.2904 seconds
<INFO 7f7763801780> CORE::TIME::STATE_ITER 0.887593 seconds
<INFO 7f7763801780> CORE::TIME::GATHER 174.653 seconds
<INFO 7f7763801780> CORE::TIME::SCATTER 719.444 seconds
<INFO 7f7763801780> CORE::TIME::WALL 935.998 seconds
<INFO 7f7763801780> SHUTDOWN
