gaop@slave4:/SSD/zork/graph/soc-LiveJournal1$ sudo benchmark_driver -p 8 -a -b pagerank  --measure_scatter_gather -g soc-LiveJournal1.txt.x --physical_memory 524288000
<INFO 7ffe01b88780> STARTUP
<INFO 7ffe01b88780> CORE::GRAPH soc-LiveJournal1.txt.x
<INFO 7ffe01b88780> CORE::ALGORITHM pagerank
<INFO 7ffe01b88780> SG-DRIVER-ORIGINAL
<WARNING 7ffe01b88780> Disk count not specified, assuming it to be 1
<INFO 7ffe01b88780> CORE::CONFIG::PROCESSORS 8
<INFO 7ffe01b88780> CORE::CONFIG::PHYSICAL_MEMORY 524288000
<INFO 7ffe01b88780> CORE::CONFIG::VERTICES 4847571
<INFO 7ffe01b88780> CORE::CONFIG::VERTEX_SIZE 12
<INFO 7ffe01b88780> CORE::CONFIG::VERTEX_BUFFER 58171392
<INFO 7ffe01b88780> CORE::CONFIG::EDGES 137987546
<INFO 7ffe01b88780> CORE::CONFIG::PARTITIONS 128
<INFO 7ffe01b88780> CORE::CONFIG::FANOUT 128
<INFO 7ffe01b88780> CORE::CONFIG::SUPER_PARTITIONS 1
<INFO 7ffe01b88780> CORE::CONFIG::STREAM_UNIT 16777216
<INFO 7ffe01b88780> CORE::CONFIG::BUFFER_SIZE 89861550
<INFO 7ffe01b88780> CORE::CONFIG::IO_NUMIOQS 1
<INFO 7ffe01b88780> CORE::CONFIG::MAX_BUFFERS 4
<INFO 7ffe01b88780> CORE::CONFIG::MAX_STREAMS 5
<WARNING 7ffe01b88780> pthread_getschedparam failed:Operation not permitted
<WARNING 7ffe01b88780> No mount point specified for disk0, falling back to current directory
<INFO 7ffe01b88780> CORE::PARTITIONS_PROCESSED 1102
<INFO 7ffe01b88780> CORE::BYTES::EDGES_STREAMED 1521268620
<INFO 7ffe01b88780> CORE::BYTES::UPDATES_OUT 868337976
<INFO 7ffe01b88780> CORE::BYTES::UPDATES_IN 729202352
<INFO 7ffde04e4700> CORE::PARTITIONS_PROCESSED 1101
<INFO 7ffdddcdf700> CORE::PARTITIONS_PROCESSED 975
<INFO 7ffddece1700> CORE::PARTITIONS_PROCESSED 1108
<INFO 7ffddfce3700> CORE::PARTITIONS_PROCESSED 978
<INFO 7ffddf4e2700> CORE::PARTITIONS_PROCESSED 968
<INFO 7ffddd4de700> CORE::PARTITIONS_PROCESSED 982
<INFO 7ffddd4de700> CORE::BYTES::EDGES_STREAMED 1365556260
<INFO 7ffdddcdf700> CORE::BYTES::EDGES_STREAMED 1338677892
<INFO 7ffdddcdf700> CORE::BYTES::UPDATES_OUT 770723128
<INFO 7ffddfce3700> CORE::BYTES::EDGES_STREAMED 1356954336
<INFO 7ffddf4e2700> CORE::BYTES::EDGES_STREAMED 1349791944
<INFO 7ffddf4e2700> CORE::BYTES::UPDATES_OUT 773249744
<INFO 7ffddf4e2700> CORE::BYTES::UPDATES_IN 644854376
<INFO 7ffddd4de700> CORE::BYTES::UPDATES_OUT 785239232
<INFO 7ffddd4de700> CORE::BYTES::UPDATES_IN 650000392
<INFO 7ffdddcdf700> CORE::BYTES::UPDATES_IN 646054176
<INFO 7ffddfce3700> CORE::BYTES::UPDATES_OUT 779049592
<INFO 7ffddfce3700> CORE::BYTES::UPDATES_IN 648692816
<INFO 7ffde04e4700> CORE::BYTES::EDGES_STREAMED 1547363304
<INFO 7ffddece1700> CORE::BYTES::EDGES_STREAMED 1553024616
<INFO 7ffdde4e0700> CORE::PARTITIONS_PROCESSED 1106
<INFO 7ffde04e4700> CORE::BYTES::UPDATES_OUT 879066184
<INFO 7ffddece1700> CORE::BYTES::UPDATES_OUT 882323800
<INFO 7ffdde4e0700> CORE::BYTES::EDGES_STREAMED 1558316892
<INFO 7ffde04e4700> CORE::BYTES::UPDATES_IN 731924376
<INFO 7ffddece1700> CORE::BYTES::UPDATES_IN 733540424
<INFO 7ffdde4e0700> CORE::BYTES::UPDATES_OUT 885412552
<INFO 7ffdde4e0700> CORE::BYTES::UPDATES_IN 735232928
<INFO 7ffe01b88780> CORE::RUSAGE::MAX_RSS_KB 514544
<INFO 7ffe01b88780> CORE::RUSAGE::MINFLT 183466
<INFO 7ffe01b88780> CORE::RUSAGE::MAJFLT 0
<INFO 7ffe01b88780> CORE::RUSAGE::MAJFLT 0
<INFO 7ffe01b88780> CORE::RUSAGE::INBLK 33418896
<INFO 7ffe01b88780> CORE::RUSAGE::OUBLK 13049952
<INFO 7ffe01b88780> CORE::UTILS::BYTES_READ 17110474752
<INFO 7ffe01b88780> CORE::UTILS::BYTES_WRITTEN 6681575424
<INFO 7ffe01b88780> CORE::TIME::IO_WAIT 32.5995 seconds
<INFO 7ffe01b88780> CORE::PHASES 7
<INFO 7ffe01b88780> CORE::TIME::SETUP 0.630602 seconds
<INFO 7ffe01b88780> CORE::TIME::STATE_ITER 0.073216 seconds
<INFO 7ffe01b88780> CORE::TIME::GATHER 8.13906 seconds
<INFO 7ffe01b88780> CORE::TIME::SCATTER 33.9779 seconds
<INFO 7ffe01b88780> CORE::TIME::WALL 43.2641 seconds
<INFO 7ffe01b88780> SHUTDOWN
