gaop@slave4:/SSD/zork/graph/twitter_rv$ sudo benchmark_driver -p 8 -b pagerank --measure_scatter_gather -g twitter_rv.net.x --physical_memory 8589934592 --super_partitions 2  -k 512
[sudo] password for gaop:
<INFO 7f6ac2e84780> STARTUP
<INFO 7f6ac2e84780> CORE::GRAPH twitter_rv.net.x
<INFO 7f6ac2e84780> CORE::ALGORITHM pagerank
<INFO 7f6ac2e84780> SG-DRIVER-ORIGINAL
<WARNING 7f6ac2e84780> Disk count not specified, assuming it to be 1
<INFO 7f6ac2e84780> CORE::CONFIG::PROCESSORS 8
<INFO 7f6ac2e84780> CORE::CONFIG::PHYSICAL_MEMORY 8589934592
<INFO 7f6ac2e84780> CORE::CONFIG::VERTICES 61578415
<INFO 7f6ac2e84780> CORE::CONFIG::VERTEX_SIZE 12
<INFO 7f6ac2e84780> CORE::CONFIG::VERTEX_BUFFER 369471488
<INFO 7f6ac2e84780> CORE::CONFIG::EDGES 2936730364
<INFO 7f6ac2e84780> CORE::CONFIG::PARTITIONS 256
<INFO 7f6ac2e84780> CORE::CONFIG::FANOUT 32
<INFO 7f6ac2e84780> CORE::CONFIG::SUPER_PARTITIONS 2
<INFO 7f6ac2e84780> CORE::CONFIG::STREAM_UNIT 16777216
<INFO 7f6ac2e84780> CORE::CONFIG::BUFFER_SIZE 1640729006
<INFO 7f6ac2e84780> CORE::CONFIG::IO_NUMIOQS 1
<INFO 7f6ac2e84780> CORE::CONFIG::MAX_BUFFERS 4
<INFO 7f6ac2e84780> CORE::CONFIG::MAX_STREAMS 5
<WARNING 7f6ac2e84780> pthread_getschedparam failed:Operation not permitted
<WARNING 7f6ac2e84780> No mount point specified for disk0, falling back to current directory
<INFO 7f6ac2e84780> CORE::PARTITIONS_PROCESSED 2336
<INFO 7f6ac2e84780> CORE::BYTES::EDGES_STREAMED 30330706860
<INFO 7f6ac2e84780> CORE::BYTES::UPDATES_OUT 17330735944
<INFO 7f6ac2e84780> CORE::BYTES::UPDATES_IN 14476340448
<INFO 7f68c0be1700> CORE::PARTITIONS_PROCESSED 2433
<INFO 7f68c0be1700> CORE::BYTES::EDGES_STREAMED 30921568152
<INFO 7f68c0be1700> CORE::BYTES::UPDATES_OUT 17574359064
<INFO 7f68c0be1700> CORE::BYTES::UPDATES_IN 14940075880
<INFO 7f68c03e0700> CORE::PARTITIONS_PROCESSED 2442
<INFO 7f68c03e0700> CORE::BYTES::EDGES_STREAMED 30291758316
<INFO 7f68c03e0700> CORE::BYTES::UPDATES_OUT 17318603080
<INFO 7f68c03e0700> CORE::BYTES::UPDATES_IN 14634953816
<INFO 7f68bfbdf700> CORE::PARTITIONS_PROCESSED 2403
<INFO 7f68bfbdf700> CORE::BYTES::EDGES_STREAMED 31450006224
<INFO 7f68bfbdf700> CORE::BYTES::UPDATES_OUT 18072028720
<INFO 7f68bfbdf700> CORE::BYTES::UPDATES_IN 14758814816
<INFO 7f68be3dc700> CORE::PARTITIONS_PROCESSED 2467
<INFO 7f68be3dc700> CORE::BYTES::EDGES_STREAMED 31297881168
<INFO 7f68be3dc700> CORE::BYTES::UPDATES_OUT 17850220912
<INFO 7f68be3dc700> CORE::BYTES::UPDATES_IN 15008060032
<INFO 7f68bdbdb700> CORE::PARTITIONS_PROCESSED 2418
<INFO 7f68bdbdb700> CORE::BYTES::EDGES_STREAMED 31624495284
<INFO 7f68bdbdb700> CORE::BYTES::UPDATES_OUT 18085040904
<INFO 7f68bdbdb700> CORE::BYTES::UPDATES_IN 14804537040
<INFO 7f68bf3de700> CORE::PARTITIONS_PROCESSED 2434
<INFO 7f68bf3de700> CORE::BYTES::EDGES_STREAMED 31134091392
<INFO 7f68bf3de700> CORE::BYTES::UPDATES_OUT 17861078136
<INFO 7f68bf3de700> CORE::BYTES::UPDATES_IN 15009413624
<INFO 7f68bebdd700> CORE::PARTITIONS_PROCESSED 2267
<INFO 7f68bebdd700> CORE::BYTES::EDGES_STREAMED 29634843180
<INFO 7f68bebdd700> CORE::BYTES::UPDATES_OUT 16870990712
<INFO 7f68bebdd700> CORE::BYTES::UPDATES_IN 13837018904
<INFO 7f6ac2e84780> CORE::RUSAGE::MAX_RSS_KB 8391220
<INFO 7f6ac2e84780> CORE::RUSAGE::MINFLT 4277277
<INFO 7f6ac2e84780> CORE::RUSAGE::MAJFLT 0
<INFO 7f6ac2e84780> CORE::RUSAGE::MAJFLT 0
<INFO 7f6ac2e84780> CORE::RUSAGE::INBLK 788728656
<INFO 7f6ac2e84780> CORE::RUSAGE::OUBLK 354250968
<INFO 7f6ac2e84780> CORE::UTILS::BYTES_READ 403829071872
<INFO 7f6ac2e84780> CORE::UTILS::BYTES_WRITTEN 181376495616
<INFO 7f6ac2e84780> CORE::TIME::IO_WAIT 891.004 seconds
<INFO 7f6ac2e84780> CORE::PHASES 7
<INFO 7f6ac2e84780> CORE::TIME::SETUP 5.73991 seconds
<INFO 7f6ac2e84780> CORE::TIME::STATE_ITER 0.793078 seconds
<INFO 7f6ac2e84780> CORE::TIME::GATHER 179.815 seconds
<INFO 7f6ac2e84780> CORE::TIME::SCATTER 777.819 seconds
<INFO 7f6ac2e84780> CORE::TIME::WALL 1146.08 seconds
<INFO 7f6ac2e84780> SHUTDOWN
