gaop@slave4:/SSD/zork/graph/twitter_rv$ sudo benchmark_driver -p 8 -b pagerank --measure_scatter_gather -g twitter_rv.net.x --physical_memory 8589934592 --super_partitions 4  -k 512
[sudo] password for gaop:
<INFO 7fdd2ec54780> STARTUP
<INFO 7fdd2ec54780> CORE::GRAPH twitter_rv.net.x
<INFO 7fdd2ec54780> CORE::ALGORITHM pagerank
<INFO 7fdd2ec54780> SG-DRIVER-ORIGINAL
<WARNING 7fdd2ec54780> Disk count not specified, assuming it to be 1
<INFO 7fdd2ec54780> CORE::CONFIG::PROCESSORS 8
<INFO 7fdd2ec54780> CORE::CONFIG::PHYSICAL_MEMORY 8589934592
<INFO 7fdd2ec54780> CORE::CONFIG::VERTICES 61578415
<INFO 7fdd2ec54780> CORE::CONFIG::VERTEX_SIZE 12
<INFO 7fdd2ec54780> CORE::CONFIG::VERTEX_BUFFER 184737792
<INFO 7fdd2ec54780> CORE::CONFIG::EDGES 2936730364
<INFO 7fdd2ec54780> CORE::CONFIG::PARTITIONS 128
<INFO 7fdd2ec54780> CORE::CONFIG::FANOUT 32
<INFO 7fdd2ec54780> CORE::CONFIG::SUPER_PARTITIONS 4
<INFO 7fdd2ec54780> CORE::CONFIG::STREAM_UNIT 16777216
<INFO 7fdd2ec54780> CORE::CONFIG::BUFFER_SIZE 1677677588
<INFO 7fdd2ec54780> CORE::CONFIG::IO_NUMIOQS 1
<INFO 7fdd2ec54780> CORE::CONFIG::MAX_BUFFERS 4
<INFO 7fdd2ec54780> CORE::CONFIG::MAX_STREAMS 5
<WARNING 7fdd2ec54780> pthread_getschedparam failed:Operation not permitted
<WARNING 7fdd2ec54780> No mount point specified for disk0, falling back to current directory
<INFO 7fdd2ec54780> CORE::PARTITIONS_PROCESSED 1270
<INFO 7fdd2ec54780> CORE::BYTES::EDGES_STREAMED 31502426556
<INFO 7fdd2ec54780> CORE::BYTES::UPDATES_OUT 17927479616
<INFO 7fdd2ec54780> CORE::BYTES::UPDATES_IN 14682596360
<INFO 7fdb2b9ab700> CORE::PARTITIONS_PROCESSED 1281
<INFO 7fdb2c1ac700> CORE::PARTITIONS_PROCESSED 1240
<INFO 7fdb299a7700> CORE::PARTITIONS_PROCESSED 1299
<INFO 7fdb2b9ab700> CORE::BYTES::EDGES_STREAMED 31220152800
<INFO 7fdb2b9ab700> CORE::BYTES::UPDATES_OUT 17974112496
<INFO 7fdb2c9ad700> CORE::PARTITIONS_PROCESSED 1298
<INFO 7fdb2a9a9700> CORE::PARTITIONS_PROCESSED 1352
<INFO 7fdb2a1a8700> CORE::PARTITIONS_PROCESSED 1234
<INFO 7fdb299a7700> CORE::BYTES::EDGES_STREAMED 30442512432
<INFO 7fdb2b1aa700> CORE::PARTITIONS_PROCESSED 1266
<INFO 7fdb2c1ac700> CORE::BYTES::EDGES_STREAMED 30608822496
<INFO 7fdb2b9ab700> CORE::BYTES::UPDATES_IN 14922704848
<INFO 7fdb2c9ad700> CORE::BYTES::EDGES_STREAMED 31453851756
<INFO 7fdb2c9ad700> CORE::BYTES::UPDATES_OUT 18124398200
<INFO 7fdb2c9ad700> CORE::BYTES::UPDATES_IN 15038659256
<INFO 7fdb299a7700> CORE::BYTES::UPDATES_OUT 17230175272
<INFO 7fdb2b1aa700> CORE::BYTES::EDGES_STREAMED 30914620092
<INFO 7fdb2b1aa700> CORE::BYTES::UPDATES_OUT 17560531296
<INFO 7fdb2a9a9700> CORE::BYTES::EDGES_STREAMED 29978981796
<INFO 7fdb2a1a8700> CORE::BYTES::EDGES_STREAMED 30563982648
<INFO 7fdb299a7700> CORE::BYTES::UPDATES_IN 14625828952
<INFO 7fdb2c1ac700> CORE::BYTES::UPDATES_OUT 17602377816
<INFO 7fdb2b1aa700> CORE::BYTES::UPDATES_IN 14714148824
<INFO 7fdb2a9a9700> CORE::BYTES::UPDATES_OUT 17199784376
<INFO 7fdb2a1a8700> CORE::BYTES::UPDATES_OUT 17344198400
<INFO 7fdb2a1a8700> CORE::BYTES::UPDATES_IN 14304895072
<INFO 7fdb2a9a9700> CORE::BYTES::UPDATES_IN 15083065664
<INFO 7fdb2c1ac700> CORE::BYTES::UPDATES_IN 14097315584
<INFO 7fdd2ec54780> CORE::RUSAGE::MAX_RSS_KB 8391220
<INFO 7fdd2ec54780> CORE::RUSAGE::MINFLT 5169875
<INFO 7fdd2ec54780> CORE::RUSAGE::MAJFLT 0
<INFO 7fdd2ec54780> CORE::RUSAGE::MAJFLT 0
<INFO 7fdd2ec54780> CORE::RUSAGE::INBLK 788728752
<INFO 7fdd2ec54780> CORE::RUSAGE::OUBLK 354251360
<INFO 7fdd2ec54780> CORE::UTILS::BYTES_READ 403829121024
<INFO 7fdd2ec54780> CORE::UTILS::BYTES_WRITTEN 181376696320
<INFO 7fdd2ec54780> CORE::TIME::IO_WAIT 915.604 seconds
<INFO 7fdd2ec54780> CORE::PHASES 7
<INFO 7fdd2ec54780> CORE::TIME::SETUP 5.06842 seconds
<INFO 7fdd2ec54780> CORE::TIME::STATE_ITER 0.941991 seconds
<INFO 7fdd2ec54780> CORE::TIME::GATHER 192.98 seconds
<INFO 7fdd2ec54780> CORE::TIME::SCATTER 790.739 seconds
<INFO 7fdd2ec54780> CORE::TIME::WALL 1193.08 seconds
<INFO 7fdd2ec54780> SHUTDOWN
